DEBUG:PIL.PngImagePlugin:STREAM IHDR 16 13
DEBUG:PIL.PngImagePlugin:STREAM pHYs 41 9
DEBUG:PIL.PngImagePlugin:STREAM iCCP 62 2639
DEBUG:PIL.PngImagePlugin:iCCP profile name Photoshop ICC profile
DEBUG:PIL.PngImagePlugin:Compression method 0
DEBUG:PIL.PngImagePlugin:STREAM cHRM 2713 32
DEBUG:PIL.PngImagePlugin:cHRM 2713 32 (unknown)
DEBUG:PIL.PngImagePlugin:STREAM IDAT 2757 10146
DEBUG:PIL.PngImagePlugin:STREAM IHDR 16 13
DEBUG:PIL.PngImagePlugin:STREAM pHYs 41 9
DEBUG:PIL.PngImagePlugin:STREAM iCCP 62 2639
DEBUG:PIL.PngImagePlugin:iCCP profile name Photoshop ICC profile
DEBUG:PIL.PngImagePlugin:Compression method 0
DEBUG:PIL.PngImagePlugin:STREAM cHRM 2713 32
DEBUG:PIL.PngImagePlugin:cHRM 2713 32 (unknown)
DEBUG:PIL.PngImagePlugin:STREAM IDAT 2757 10146
DEBUG:PIL.PngImagePlugin:STREAM IHDR 16 13
DEBUG:PIL.PngImagePlugin:STREAM pHYs 41 9
DEBUG:PIL.PngImagePlugin:STREAM iCCP 62 2639
DEBUG:PIL.PngImagePlugin:iCCP profile name Photoshop ICC profile
DEBUG:PIL.PngImagePlugin:Compression method 0
DEBUG:PIL.PngImagePlugin:STREAM cHRM 2713 32
DEBUG:PIL.PngImagePlugin:cHRM 2713 32 (unknown)
DEBUG:PIL.PngImagePlugin:STREAM IDAT 2757 10146
DEBUG:PIL.PngImagePlugin:STREAM IHDR 16 13
DEBUG:PIL.PngImagePlugin:STREAM pHYs 41 9
DEBUG:PIL.PngImagePlugin:STREAM iCCP 62 2639
DEBUG:PIL.PngImagePlugin:iCCP profile name Photoshop ICC profile
DEBUG:PIL.PngImagePlugin:Compression method 0
DEBUG:PIL.PngImagePlugin:STREAM cHRM 2713 32
DEBUG:PIL.PngImagePlugin:cHRM 2713 32 (unknown)
DEBUG:PIL.PngImagePlugin:STREAM IDAT 2757 10146
DEBUG:PIL.PngImagePlugin:STREAM IHDR 16 13
DEBUG:PIL.PngImagePlugin:STREAM pHYs 41 9
DEBUG:PIL.PngImagePlugin:STREAM iCCP 62 2639
DEBUG:PIL.PngImagePlugin:iCCP profile name Photoshop ICC profile
DEBUG:PIL.PngImagePlugin:Compression method 0
DEBUG:PIL.PngImagePlugin:STREAM cHRM 2713 32
DEBUG:PIL.PngImagePlugin:cHRM 2713 32 (unknown)
DEBUG:PIL.PngImagePlugin:STREAM IDAT 2757 10146
DEBUG:PIL.PngImagePlugin:STREAM IHDR 16 13
DEBUG:PIL.PngImagePlugin:STREAM pHYs 41 9
DEBUG:PIL.PngImagePlugin:STREAM iCCP 62 2639
DEBUG:PIL.PngImagePlugin:iCCP profile name Photoshop ICC profile
DEBUG:PIL.PngImagePlugin:Compression method 0
DEBUG:PIL.PngImagePlugin:STREAM cHRM 2713 32
DEBUG:PIL.PngImagePlugin:cHRM 2713 32 (unknown)
DEBUG:PIL.PngImagePlugin:STREAM IDAT 2757 10146
DEBUG:PIL.PngImagePlugin:STREAM IHDR 16 13
DEBUG:PIL.PngImagePlugin:STREAM pHYs 41 9
DEBUG:PIL.PngImagePlugin:STREAM iCCP 62 2639
DEBUG:PIL.PngImagePlugin:iCCP profile name Photoshop ICC profile
DEBUG:PIL.PngImagePlugin:Compression method 0
DEBUG:PIL.PngImagePlugin:STREAM cHRM 2713 32
DEBUG:PIL.PngImagePlugin:cHRM 2713 32 (unknown)
DEBUG:PIL.PngImagePlugin:STREAM IDAT 2757 10146
DEBUG:PIL.PngImagePlugin:STREAM IHDR 16 13
DEBUG:PIL.PngImagePlugin:STREAM pHYs 41 9
DEBUG:PIL.PngImagePlugin:STREAM iCCP 62 2639
DEBUG:PIL.PngImagePlugin:iCCP profile name Photoshop ICC profile
DEBUG:PIL.PngImagePlugin:Compression method 0
DEBUG:PIL.PngImagePlugin:STREAM cHRM 2713 32
DEBUG:PIL.PngImagePlugin:cHRM 2713 32 (unknown)
DEBUG:PIL.PngImagePlugin:STREAM IDAT 2757 10146
DEBUG:PIL.PngImagePlugin:STREAM IHDR 16 13
DEBUG:PIL.PngImagePlugin:STREAM pHYs 41 9
DEBUG:PIL.PngImagePlugin:STREAM iCCP 62 2639
DEBUG:PIL.PngImagePlugin:iCCP profile name Photoshop ICC profile
DEBUG:PIL.PngImagePlugin:Compression method 0
DEBUG:PIL.PngImagePlugin:STREAM cHRM 2713 32
DEBUG:PIL.PngImagePlugin:cHRM 2713 32 (unknown)
DEBUG:PIL.PngImagePlugin:STREAM IDAT 2757 10146
DEBUG:PIL.PngImagePlugin:STREAM IHDR 16 13
DEBUG:PIL.PngImagePlugin:STREAM pHYs 41 9
DEBUG:PIL.PngImagePlugin:STREAM iCCP 62 2639
DEBUG:PIL.PngImagePlugin:iCCP profile name Photoshop ICC profile
DEBUG:PIL.PngImagePlugin:Compression method 0
DEBUG:PIL.PngImagePlugin:STREAM cHRM 2713 32
DEBUG:PIL.PngImagePlugin:cHRM 2713 32 (unknown)
DEBUG:PIL.PngImagePlugin:STREAM IDAT 2757 10146
DEBUG:PIL.PngImagePlugin:STREAM IHDR 16 13
DEBUG:PIL.PngImagePlugin:STREAM pHYs 41 9
DEBUG:PIL.PngImagePlugin:STREAM iCCP 62 2639
DEBUG:PIL.PngImagePlugin:iCCP profile name Photoshop ICC profile
DEBUG:PIL.PngImagePlugin:Compression method 0
DEBUG:PIL.PngImagePlugin:STREAM cHRM 2713 32
DEBUG:PIL.PngImagePlugin:cHRM 2713 32 (unknown)
DEBUG:PIL.PngImagePlugin:STREAM IDAT 2757 10146
DEBUG:PIL.PngImagePlugin:STREAM IHDR 16 13
DEBUG:PIL.PngImagePlugin:STREAM pHYs 41 9
DEBUG:PIL.PngImagePlugin:STREAM iCCP 62 2639
DEBUG:PIL.PngImagePlugin:iCCP profile name Photoshop ICC profile
DEBUG:PIL.PngImagePlugin:Compression method 0
DEBUG:PIL.PngImagePlugin:STREAM cHRM 2713 32
DEBUG:PIL.PngImagePlugin:cHRM 2713 32 (unknown)
DEBUG:PIL.PngImagePlugin:STREAM IDAT 2757 10146
DEBUG:PIL.PngImagePlugin:STREAM IHDR 16 13
DEBUG:PIL.PngImagePlugin:STREAM pHYs 41 9
DEBUG:PIL.PngImagePlugin:STREAM iCCP 62 2639
DEBUG:PIL.PngImagePlugin:iCCP profile name Photoshop ICC profile
DEBUG:PIL.PngImagePlugin:Compression method 0
DEBUG:PIL.PngImagePlugin:STREAM cHRM 2713 32
DEBUG:PIL.PngImagePlugin:cHRM 2713 32 (unknown)
DEBUG:PIL.PngImagePlugin:STREAM IDAT 2757 10146
DEBUG:PIL.PngImagePlugin:STREAM IHDR 16 13
DEBUG:PIL.PngImagePlugin:STREAM pHYs 41 9
DEBUG:PIL.PngImagePlugin:STREAM iCCP 62 2639
DEBUG:PIL.PngImagePlugin:iCCP profile name Photoshop ICC profile
DEBUG:PIL.PngImagePlugin:Compression method 0
DEBUG:PIL.PngImagePlugin:STREAM cHRM 2713 32
DEBUG:PIL.PngImagePlugin:cHRM 2713 32 (unknown)
DEBUG:PIL.PngImagePlugin:STREAM IDAT 2757 10146
DEBUG:PIL.PngImagePlugin:STREAM IHDR 16 13
DEBUG:PIL.PngImagePlugin:STREAM pHYs 41 9
DEBUG:PIL.PngImagePlugin:STREAM iCCP 62 2639
DEBUG:PIL.PngImagePlugin:iCCP profile name Photoshop ICC profile
DEBUG:PIL.PngImagePlugin:Compression method 0
DEBUG:PIL.PngImagePlugin:STREAM cHRM 2713 32
DEBUG:PIL.PngImagePlugin:cHRM 2713 32 (unknown)
DEBUG:PIL.PngImagePlugin:STREAM IDAT 2757 10146
DEBUG:PIL.PngImagePlugin:STREAM IHDR 16 13
DEBUG:PIL.PngImagePlugin:STREAM pHYs 41 9
DEBUG:PIL.PngImagePlugin:STREAM iCCP 62 2639
DEBUG:PIL.PngImagePlugin:iCCP profile name Photoshop ICC profile
DEBUG:PIL.PngImagePlugin:Compression method 0
DEBUG:PIL.PngImagePlugin:STREAM cHRM 2713 32
DEBUG:PIL.PngImagePlugin:cHRM 2713 32 (unknown)
DEBUG:PIL.PngImagePlugin:STREAM IDAT 2757 10146
DEBUG:PIL.PngImagePlugin:STREAM IHDR 16 13
DEBUG:PIL.PngImagePlugin:STREAM pHYs 41 9
DEBUG:PIL.PngImagePlugin:STREAM iCCP 62 2639
DEBUG:PIL.PngImagePlugin:iCCP profile name Photoshop ICC profile
DEBUG:PIL.PngImagePlugin:Compression method 0
DEBUG:PIL.PngImagePlugin:STREAM cHRM 2713 32
DEBUG:PIL.PngImagePlugin:cHRM 2713 32 (unknown)
DEBUG:PIL.PngImagePlugin:STREAM IDAT 2757 10146
DEBUG:PIL.PngImagePlugin:STREAM IHDR 16 13
DEBUG:PIL.PngImagePlugin:STREAM pHYs 41 9
DEBUG:PIL.PngImagePlugin:STREAM iCCP 62 2639
DEBUG:PIL.PngImagePlugin:iCCP profile name Photoshop ICC profile
DEBUG:PIL.PngImagePlugin:Compression method 0
DEBUG:PIL.PngImagePlugin:STREAM cHRM 2713 32
DEBUG:PIL.PngImagePlugin:cHRM 2713 32 (unknown)
DEBUG:PIL.PngImagePlugin:STREAM IDAT 2757 10146
DEBUG:PIL.PngImagePlugin:STREAM IHDR 16 13
DEBUG:PIL.PngImagePlugin:STREAM pHYs 41 9
DEBUG:PIL.PngImagePlugin:STREAM iCCP 62 2639
DEBUG:PIL.PngImagePlugin:iCCP profile name Photoshop ICC profile
DEBUG:PIL.PngImagePlugin:Compression method 0
DEBUG:PIL.PngImagePlugin:STREAM cHRM 2713 32
DEBUG:PIL.PngImagePlugin:cHRM 2713 32 (unknown)
DEBUG:PIL.PngImagePlugin:STREAM IDAT 2757 10146
DEBUG:PIL.PngImagePlugin:STREAM IHDR 16 13
DEBUG:PIL.PngImagePlugin:STREAM pHYs 41 9
DEBUG:PIL.PngImagePlugin:STREAM iCCP 62 2639
DEBUG:PIL.PngImagePlugin:iCCP profile name Photoshop ICC profile
DEBUG:PIL.PngImagePlugin:Compression method 0
DEBUG:PIL.PngImagePlugin:STREAM cHRM 2713 32
DEBUG:PIL.PngImagePlugin:cHRM 2713 32 (unknown)
DEBUG:PIL.PngImagePlugin:STREAM IDAT 2757 10146
DEBUG:PIL.PngImagePlugin:STREAM IHDR 16 13
DEBUG:PIL.PngImagePlugin:STREAM pHYs 41 9
DEBUG:PIL.PngImagePlugin:STREAM iCCP 62 2639
DEBUG:PIL.PngImagePlugin:iCCP profile name Photoshop ICC profile
DEBUG:PIL.PngImagePlugin:Compression method 0
DEBUG:PIL.PngImagePlugin:STREAM cHRM 2713 32
DEBUG:PIL.PngImagePlugin:cHRM 2713 32 (unknown)
DEBUG:PIL.PngImagePlugin:STREAM IDAT 2757 10146
DEBUG:PIL.PngImagePlugin:STREAM IHDR 16 13
DEBUG:PIL.PngImagePlugin:STREAM pHYs 41 9
DEBUG:PIL.PngImagePlugin:STREAM iCCP 62 2639
DEBUG:PIL.PngImagePlugin:iCCP profile name Photoshop ICC profile
DEBUG:PIL.PngImagePlugin:Compression method 0
DEBUG:PIL.PngImagePlugin:STREAM cHRM 2713 32
DEBUG:PIL.PngImagePlugin:cHRM 2713 32 (unknown)
DEBUG:PIL.PngImagePlugin:STREAM IDAT 2757 10146
DEBUG:PIL.PngImagePlugin:STREAM IHDR 16 13
DEBUG:PIL.PngImagePlugin:STREAM pHYs 41 9
DEBUG:PIL.PngImagePlugin:STREAM iCCP 62 2639
DEBUG:PIL.PngImagePlugin:iCCP profile name Photoshop ICC profile
DEBUG:PIL.PngImagePlugin:Compression method 0
DEBUG:PIL.PngImagePlugin:STREAM cHRM 2713 32
DEBUG:PIL.PngImagePlugin:cHRM 2713 32 (unknown)
DEBUG:PIL.PngImagePlugin:STREAM IDAT 2757 10146
DEBUG:PIL.PngImagePlugin:STREAM IHDR 16 13
DEBUG:PIL.PngImagePlugin:STREAM pHYs 41 9
DEBUG:PIL.PngImagePlugin:STREAM iCCP 62 2639
DEBUG:PIL.PngImagePlugin:iCCP profile name Photoshop ICC profile
DEBUG:PIL.PngImagePlugin:Compression method 0
DEBUG:PIL.PngImagePlugin:STREAM cHRM 2713 32
DEBUG:PIL.PngImagePlugin:cHRM 2713 32 (unknown)
DEBUG:PIL.PngImagePlugin:STREAM IDAT 2757 10146
DEBUG:PIL.PngImagePlugin:STREAM IHDR 16 13
DEBUG:PIL.PngImagePlugin:STREAM pHYs 41 9
DEBUG:PIL.PngImagePlugin:STREAM iCCP 62 2639
DEBUG:PIL.PngImagePlugin:iCCP profile name Photoshop ICC profile
DEBUG:PIL.PngImagePlugin:Compression method 0
DEBUG:PIL.PngImagePlugin:STREAM cHRM 2713 32
DEBUG:PIL.PngImagePlugin:cHRM 2713 32 (unknown)
DEBUG:PIL.PngImagePlugin:STREAM IDAT 2757 10146
DEBUG:PIL.PngImagePlugin:STREAM IHDR 16 13
DEBUG:PIL.PngImagePlugin:STREAM pHYs 41 9
DEBUG:PIL.PngImagePlugin:STREAM iCCP 62 2639
DEBUG:PIL.PngImagePlugin:iCCP profile name Photoshop ICC profile
DEBUG:PIL.PngImagePlugin:Compression method 0
DEBUG:PIL.PngImagePlugin:STREAM cHRM 2713 32
DEBUG:PIL.PngImagePlugin:cHRM 2713 32 (unknown)
DEBUG:PIL.PngImagePlugin:STREAM IDAT 2757 10146
DEBUG:PIL.PngImagePlugin:STREAM IHDR 16 13
DEBUG:PIL.PngImagePlugin:STREAM pHYs 41 9
DEBUG:PIL.PngImagePlugin:STREAM iCCP 62 2639
DEBUG:PIL.PngImagePlugin:iCCP profile name Photoshop ICC profile
DEBUG:PIL.PngImagePlugin:Compression method 0
DEBUG:PIL.PngImagePlugin:STREAM cHRM 2713 32
DEBUG:PIL.PngImagePlugin:cHRM 2713 32 (unknown)
DEBUG:PIL.PngImagePlugin:STREAM IDAT 2757 10146
DEBUG:PIL.PngImagePlugin:STREAM IHDR 16 13
DEBUG:PIL.PngImagePlugin:STREAM pHYs 41 9
DEBUG:PIL.PngImagePlugin:STREAM iCCP 62 2639
DEBUG:PIL.PngImagePlugin:iCCP profile name Photoshop ICC profile
DEBUG:PIL.PngImagePlugin:Compression method 0
DEBUG:PIL.PngImagePlugin:STREAM cHRM 2713 32
DEBUG:PIL.PngImagePlugin:cHRM 2713 32 (unknown)
DEBUG:PIL.PngImagePlugin:STREAM IDAT 2757 10146
DEBUG:PIL.PngImagePlugin:STREAM IHDR 16 13
DEBUG:PIL.PngImagePlugin:STREAM pHYs 41 9
DEBUG:PIL.PngImagePlugin:STREAM iCCP 62 2639
DEBUG:PIL.PngImagePlugin:iCCP profile name Photoshop ICC profile
DEBUG:PIL.PngImagePlugin:Compression method 0
DEBUG:PIL.PngImagePlugin:STREAM cHRM 2713 32
DEBUG:PIL.PngImagePlugin:cHRM 2713 32 (unknown)
DEBUG:PIL.PngImagePlugin:STREAM IDAT 2757 10146
DEBUG:PIL.PngImagePlugin:STREAM IHDR 16 13
DEBUG:PIL.PngImagePlugin:STREAM pHYs 41 9
DEBUG:PIL.PngImagePlugin:STREAM iCCP 62 2639
DEBUG:PIL.PngImagePlugin:iCCP profile name Photoshop ICC profile
DEBUG:PIL.PngImagePlugin:Compression method 0
DEBUG:PIL.PngImagePlugin:STREAM cHRM 2713 32
DEBUG:PIL.PngImagePlugin:cHRM 2713 32 (unknown)
DEBUG:PIL.PngImagePlugin:STREAM IDAT 2757 10146
DEBUG:PIL.PngImagePlugin:STREAM IHDR 16 13
DEBUG:PIL.PngImagePlugin:STREAM pHYs 41 9
DEBUG:PIL.PngImagePlugin:STREAM iCCP 62 2639
DEBUG:PIL.PngImagePlugin:iCCP profile name Photoshop ICC profile
DEBUG:PIL.PngImagePlugin:Compression method 0
DEBUG:PIL.PngImagePlugin:STREAM cHRM 2713 32
DEBUG:PIL.PngImagePlugin:cHRM 2713 32 (unknown)
DEBUG:PIL.PngImagePlugin:STREAM IDAT 2757 10146
DEBUG:PIL.PngImagePlugin:STREAM IHDR 16 13
DEBUG:PIL.PngImagePlugin:STREAM pHYs 41 9
DEBUG:PIL.PngImagePlugin:STREAM tEXt 62 25
DEBUG:PIL.PngImagePlugin:STREAM IDAT 99 9438
DEBUG:PIL.PngImagePlugin:STREAM IHDR 16 13
DEBUG:PIL.PngImagePlugin:STREAM pHYs 41 9
DEBUG:PIL.PngImagePlugin:STREAM tEXt 62 25
DEBUG:PIL.PngImagePlugin:STREAM IDAT 99 4810
DEBUG:PIL.PngImagePlugin:STREAM IHDR 16 13
DEBUG:PIL.PngImagePlugin:STREAM pHYs 41 9
DEBUG:PIL.PngImagePlugin:STREAM iCCP 62 2639
DEBUG:PIL.PngImagePlugin:iCCP profile name Photoshop ICC profile
DEBUG:PIL.PngImagePlugin:Compression method 0
DEBUG:PIL.PngImagePlugin:STREAM cHRM 2713 32
DEBUG:PIL.PngImagePlugin:cHRM 2713 32 (unknown)
DEBUG:PIL.PngImagePlugin:STREAM IDAT 2757 666
DEBUG:PIL.PngImagePlugin:STREAM IHDR 16 13
DEBUG:PIL.PngImagePlugin:STREAM sRGB 41 1
DEBUG:PIL.PngImagePlugin:sRGB 41 1 (unknown)
DEBUG:PIL.PngImagePlugin:STREAM pHYs 54 9
DEBUG:PIL.PngImagePlugin:STREAM iTXt 75 459
DEBUG:PIL.PngImagePlugin:STREAM IDAT 546 1971
DEBUG:PIL.PngImagePlugin:STREAM IHDR 16 13
DEBUG:PIL.PngImagePlugin:STREAM pHYs 41 9
DEBUG:PIL.PngImagePlugin:STREAM tEXt 62 25
DEBUG:PIL.PngImagePlugin:STREAM IDAT 99 1713
DEBUG:PIL.PngImagePlugin:STREAM IHDR 16 13
DEBUG:PIL.PngImagePlugin:STREAM pHYs 41 9
DEBUG:PIL.PngImagePlugin:STREAM tEXt 62 25
DEBUG:PIL.PngImagePlugin:STREAM IDAT 99 4371
DEBUG:PIL.PngImagePlugin:STREAM IHDR 16 13
DEBUG:PIL.PngImagePlugin:STREAM pHYs 41 9
DEBUG:PIL.PngImagePlugin:STREAM iCCP 62 2639
DEBUG:PIL.PngImagePlugin:iCCP profile name Photoshop ICC profile
DEBUG:PIL.PngImagePlugin:Compression method 0
DEBUG:PIL.PngImagePlugin:STREAM cHRM 2713 32
DEBUG:PIL.PngImagePlugin:cHRM 2713 32 (unknown)
DEBUG:PIL.PngImagePlugin:STREAM IDAT 2757 929
DEBUG:PIL.PngImagePlugin:STREAM IHDR 16 13
DEBUG:PIL.PngImagePlugin:STREAM pHYs 41 9
DEBUG:PIL.PngImagePlugin:STREAM iCCP 62 2639
DEBUG:PIL.PngImagePlugin:iCCP profile name Photoshop ICC profile
DEBUG:PIL.PngImagePlugin:Compression method 0
DEBUG:PIL.PngImagePlugin:STREAM cHRM 2713 32
DEBUG:PIL.PngImagePlugin:cHRM 2713 32 (unknown)
DEBUG:PIL.PngImagePlugin:STREAM IDAT 2757 560
DEBUG:PIL.PngImagePlugin:STREAM IHDR 16 13
DEBUG:PIL.PngImagePlugin:STREAM pHYs 41 9
DEBUG:PIL.PngImagePlugin:STREAM tEXt 62 25
DEBUG:PIL.PngImagePlugin:STREAM IDAT 99 14607
DEBUG:PIL.PngImagePlugin:STREAM IHDR 16 13
DEBUG:PIL.PngImagePlugin:STREAM pHYs 41 9
DEBUG:PIL.PngImagePlugin:STREAM iCCP 62 2639
DEBUG:PIL.PngImagePlugin:iCCP profile name Photoshop ICC profile
DEBUG:PIL.PngImagePlugin:Compression method 0
DEBUG:PIL.PngImagePlugin:STREAM cHRM 2713 32
DEBUG:PIL.PngImagePlugin:cHRM 2713 32 (unknown)
DEBUG:PIL.PngImagePlugin:STREAM IDAT 2757 552
DEBUG:PIL.PngImagePlugin:STREAM IHDR 16 13
DEBUG:PIL.PngImagePlugin:STREAM pHYs 41 9
DEBUG:PIL.PngImagePlugin:STREAM iCCP 62 2639
DEBUG:PIL.PngImagePlugin:iCCP profile name Photoshop ICC profile
DEBUG:PIL.PngImagePlugin:Compression method 0
DEBUG:PIL.PngImagePlugin:STREAM cHRM 2713 32
DEBUG:PIL.PngImagePlugin:cHRM 2713 32 (unknown)
DEBUG:PIL.PngImagePlugin:STREAM IDAT 2757 10146
DEBUG:PIL.PngImagePlugin:STREAM IHDR 16 13
DEBUG:PIL.PngImagePlugin:STREAM pHYs 41 9
DEBUG:PIL.PngImagePlugin:STREAM iCCP 62 2639
DEBUG:PIL.PngImagePlugin:iCCP profile name Photoshop ICC profile
DEBUG:PIL.PngImagePlugin:Compression method 0
DEBUG:PIL.PngImagePlugin:STREAM cHRM 2713 32
DEBUG:PIL.PngImagePlugin:cHRM 2713 32 (unknown)
DEBUG:PIL.PngImagePlugin:STREAM IDAT 2757 10146
DEBUG:PIL.PngImagePlugin:STREAM IHDR 16 13
DEBUG:PIL.PngImagePlugin:STREAM pHYs 41 9
DEBUG:PIL.PngImagePlugin:STREAM iCCP 62 2639
DEBUG:PIL.PngImagePlugin:iCCP profile name Photoshop ICC profile
DEBUG:PIL.PngImagePlugin:Compression method 0
DEBUG:PIL.PngImagePlugin:STREAM cHRM 2713 32
DEBUG:PIL.PngImagePlugin:cHRM 2713 32 (unknown)
DEBUG:PIL.PngImagePlugin:STREAM IDAT 2757 10146
DEBUG:PIL.PngImagePlugin:STREAM IHDR 16 13
DEBUG:PIL.PngImagePlugin:STREAM pHYs 41 9
DEBUG:PIL.PngImagePlugin:STREAM iCCP 62 2639
DEBUG:PIL.PngImagePlugin:iCCP profile name Photoshop ICC profile
DEBUG:PIL.PngImagePlugin:Compression method 0
DEBUG:PIL.PngImagePlugin:STREAM cHRM 2713 32
DEBUG:PIL.PngImagePlugin:cHRM 2713 32 (unknown)
DEBUG:PIL.PngImagePlugin:STREAM IDAT 2757 10146
DEBUG:PIL.PngImagePlugin:STREAM IHDR 16 13
DEBUG:PIL.PngImagePlugin:STREAM pHYs 41 9
DEBUG:PIL.PngImagePlugin:STREAM iCCP 62 2639
DEBUG:PIL.PngImagePlugin:iCCP profile name Photoshop ICC profile
DEBUG:PIL.PngImagePlugin:Compression method 0
DEBUG:PIL.PngImagePlugin:STREAM cHRM 2713 32
DEBUG:PIL.PngImagePlugin:cHRM 2713 32 (unknown)
DEBUG:PIL.PngImagePlugin:STREAM IDAT 2757 10146
DEBUG:PIL.PngImagePlugin:STREAM IHDR 16 13
DEBUG:PIL.PngImagePlugin:STREAM pHYs 41 9
DEBUG:PIL.PngImagePlugin:STREAM iCCP 62 2639
DEBUG:PIL.PngImagePlugin:iCCP profile name Photoshop ICC profile
DEBUG:PIL.PngImagePlugin:Compression method 0
DEBUG:PIL.PngImagePlugin:STREAM cHRM 2713 32
DEBUG:PIL.PngImagePlugin:cHRM 2713 32 (unknown)
DEBUG:PIL.PngImagePlugin:STREAM IDAT 2757 10146
DEBUG:PIL.PngImagePlugin:STREAM IHDR 16 13
DEBUG:PIL.PngImagePlugin:STREAM pHYs 41 9
DEBUG:PIL.PngImagePlugin:STREAM iCCP 62 2639
DEBUG:PIL.PngImagePlugin:iCCP profile name Photoshop ICC profile
DEBUG:PIL.PngImagePlugin:Compression method 0
DEBUG:PIL.PngImagePlugin:STREAM cHRM 2713 32
DEBUG:PIL.PngImagePlugin:cHRM 2713 32 (unknown)
DEBUG:PIL.PngImagePlugin:STREAM IDAT 2757 10146
DEBUG:PIL.PngImagePlugin:STREAM IHDR 16 13
DEBUG:PIL.PngImagePlugin:STREAM pHYs 41 9
DEBUG:PIL.PngImagePlugin:STREAM iCCP 62 2639
DEBUG:PIL.PngImagePlugin:iCCP profile name Photoshop ICC profile
DEBUG:PIL.PngImagePlugin:Compression method 0
DEBUG:PIL.PngImagePlugin:STREAM cHRM 2713 32
DEBUG:PIL.PngImagePlugin:cHRM 2713 32 (unknown)
DEBUG:PIL.PngImagePlugin:STREAM IDAT 2757 10146
DEBUG:PIL.PngImagePlugin:STREAM IHDR 16 13
DEBUG:PIL.PngImagePlugin:STREAM pHYs 41 9
DEBUG:PIL.PngImagePlugin:STREAM iCCP 62 2639
DEBUG:PIL.PngImagePlugin:iCCP profile name Photoshop ICC profile
DEBUG:PIL.PngImagePlugin:Compression method 0
DEBUG:PIL.PngImagePlugin:STREAM cHRM 2713 32
DEBUG:PIL.PngImagePlugin:cHRM 2713 32 (unknown)
DEBUG:PIL.PngImagePlugin:STREAM IDAT 2757 10146
DEBUG:PIL.PngImagePlugin:STREAM IHDR 16 13
DEBUG:PIL.PngImagePlugin:STREAM pHYs 41 9
DEBUG:PIL.PngImagePlugin:STREAM iCCP 62 2639
DEBUG:PIL.PngImagePlugin:iCCP profile name Photoshop ICC profile
DEBUG:PIL.PngImagePlugin:Compression method 0
DEBUG:PIL.PngImagePlugin:STREAM cHRM 2713 32
DEBUG:PIL.PngImagePlugin:cHRM 2713 32 (unknown)
DEBUG:PIL.PngImagePlugin:STREAM IDAT 2757 10146
DEBUG:PIL.PngImagePlugin:STREAM IHDR 16 13
DEBUG:PIL.PngImagePlugin:STREAM pHYs 41 9
DEBUG:PIL.PngImagePlugin:STREAM iCCP 62 2639
DEBUG:PIL.PngImagePlugin:iCCP profile name Photoshop ICC profile
DEBUG:PIL.PngImagePlugin:Compression method 0
DEBUG:PIL.PngImagePlugin:STREAM cHRM 2713 32
DEBUG:PIL.PngImagePlugin:cHRM 2713 32 (unknown)
DEBUG:PIL.PngImagePlugin:STREAM IDAT 2757 10146
DEBUG:PIL.PngImagePlugin:STREAM IHDR 16 13
DEBUG:PIL.PngImagePlugin:STREAM pHYs 41 9
DEBUG:PIL.PngImagePlugin:STREAM iCCP 62 2639
DEBUG:PIL.PngImagePlugin:iCCP profile name Photoshop ICC profile
DEBUG:PIL.PngImagePlugin:Compression method 0
DEBUG:PIL.PngImagePlugin:STREAM cHRM 2713 32
DEBUG:PIL.PngImagePlugin:cHRM 2713 32 (unknown)
DEBUG:PIL.PngImagePlugin:STREAM IDAT 2757 10146
DEBUG:PIL.PngImagePlugin:STREAM IHDR 16 13
DEBUG:PIL.PngImagePlugin:STREAM pHYs 41 9
DEBUG:PIL.PngImagePlugin:STREAM iCCP 62 2639
DEBUG:PIL.PngImagePlugin:iCCP profile name Photoshop ICC profile
DEBUG:PIL.PngImagePlugin:Compression method 0
DEBUG:PIL.PngImagePlugin:STREAM cHRM 2713 32
DEBUG:PIL.PngImagePlugin:cHRM 2713 32 (unknown)
DEBUG:PIL.PngImagePlugin:STREAM IDAT 2757 10146
DEBUG:PIL.PngImagePlugin:STREAM IHDR 16 13
DEBUG:PIL.PngImagePlugin:STREAM pHYs 41 9
DEBUG:PIL.PngImagePlugin:STREAM iCCP 62 2639
DEBUG:PIL.PngImagePlugin:iCCP profile name Photoshop ICC profile
DEBUG:PIL.PngImagePlugin:Compression method 0
DEBUG:PIL.PngImagePlugin:STREAM cHRM 2713 32
DEBUG:PIL.PngImagePlugin:cHRM 2713 32 (unknown)
DEBUG:PIL.PngImagePlugin:STREAM IDAT 2757 10146
DEBUG:PIL.PngImagePlugin:STREAM IHDR 16 13
DEBUG:PIL.PngImagePlugin:STREAM pHYs 41 9
DEBUG:PIL.PngImagePlugin:STREAM iCCP 62 2639
DEBUG:PIL.PngImagePlugin:iCCP profile name Photoshop ICC profile
DEBUG:PIL.PngImagePlugin:Compression method 0
DEBUG:PIL.PngImagePlugin:STREAM cHRM 2713 32
DEBUG:PIL.PngImagePlugin:cHRM 2713 32 (unknown)
DEBUG:PIL.PngImagePlugin:STREAM IDAT 2757 10146
DEBUG:PIL.PngImagePlugin:STREAM IHDR 16 13
DEBUG:PIL.PngImagePlugin:STREAM pHYs 41 9
DEBUG:PIL.PngImagePlugin:STREAM iCCP 62 2639
DEBUG:PIL.PngImagePlugin:iCCP profile name Photoshop ICC profile
DEBUG:PIL.PngImagePlugin:Compression method 0
DEBUG:PIL.PngImagePlugin:STREAM cHRM 2713 32
DEBUG:PIL.PngImagePlugin:cHRM 2713 32 (unknown)
DEBUG:PIL.PngImagePlugin:STREAM IDAT 2757 10146
DEBUG:PIL.PngImagePlugin:STREAM IHDR 16 13
DEBUG:PIL.PngImagePlugin:STREAM pHYs 41 9
DEBUG:PIL.PngImagePlugin:STREAM iCCP 62 2639
DEBUG:PIL.PngImagePlugin:iCCP profile name Photoshop ICC profile
DEBUG:PIL.PngImagePlugin:Compression method 0
DEBUG:PIL.PngImagePlugin:STREAM cHRM 2713 32
DEBUG:PIL.PngImagePlugin:cHRM 2713 32 (unknown)
DEBUG:PIL.PngImagePlugin:STREAM IDAT 2757 10146
DEBUG:PIL.PngImagePlugin:STREAM IHDR 16 13
DEBUG:PIL.PngImagePlugin:STREAM pHYs 41 9
DEBUG:PIL.PngImagePlugin:STREAM iCCP 62 2639
DEBUG:PIL.PngImagePlugin:iCCP profile name Photoshop ICC profile
DEBUG:PIL.PngImagePlugin:Compression method 0
DEBUG:PIL.PngImagePlugin:STREAM cHRM 2713 32
DEBUG:PIL.PngImagePlugin:cHRM 2713 32 (unknown)
DEBUG:PIL.PngImagePlugin:STREAM IDAT 2757 10146
DEBUG:PIL.PngImagePlugin:STREAM IHDR 16 13
DEBUG:PIL.PngImagePlugin:STREAM pHYs 41 9
DEBUG:PIL.PngImagePlugin:STREAM iCCP 62 2639
DEBUG:PIL.PngImagePlugin:iCCP profile name Photoshop ICC profile
DEBUG:PIL.PngImagePlugin:Compression method 0
DEBUG:PIL.PngImagePlugin:STREAM cHRM 2713 32
DEBUG:PIL.PngImagePlugin:cHRM 2713 32 (unknown)
DEBUG:PIL.PngImagePlugin:STREAM IDAT 2757 10146
DEBUG:PIL.PngImagePlugin:STREAM IHDR 16 13
DEBUG:PIL.PngImagePlugin:STREAM pHYs 41 9
DEBUG:PIL.PngImagePlugin:STREAM iCCP 62 2639
DEBUG:PIL.PngImagePlugin:iCCP profile name Photoshop ICC profile
DEBUG:PIL.PngImagePlugin:Compression method 0
DEBUG:PIL.PngImagePlugin:STREAM cHRM 2713 32
DEBUG:PIL.PngImagePlugin:cHRM 2713 32 (unknown)
DEBUG:PIL.PngImagePlugin:STREAM IDAT 2757 10146
DEBUG:PIL.PngImagePlugin:STREAM IHDR 16 13
DEBUG:PIL.PngImagePlugin:STREAM pHYs 41 9
DEBUG:PIL.PngImagePlugin:STREAM iCCP 62 2639
DEBUG:PIL.PngImagePlugin:iCCP profile name Photoshop ICC profile
DEBUG:PIL.PngImagePlugin:Compression method 0
DEBUG:PIL.PngImagePlugin:STREAM cHRM 2713 32
DEBUG:PIL.PngImagePlugin:cHRM 2713 32 (unknown)
DEBUG:PIL.PngImagePlugin:STREAM IDAT 2757 10146
DEBUG:PIL.PngImagePlugin:STREAM IHDR 16 13
DEBUG:PIL.PngImagePlugin:STREAM pHYs 41 9
DEBUG:PIL.PngImagePlugin:STREAM iCCP 62 2639
DEBUG:PIL.PngImagePlugin:iCCP profile name Photoshop ICC profile
DEBUG:PIL.PngImagePlugin:Compression method 0
DEBUG:PIL.PngImagePlugin:STREAM cHRM 2713 32
DEBUG:PIL.PngImagePlugin:cHRM 2713 32 (unknown)
DEBUG:PIL.PngImagePlugin:STREAM IDAT 2757 10146
DEBUG:PIL.PngImagePlugin:STREAM IHDR 16 13
DEBUG:PIL.PngImagePlugin:STREAM pHYs 41 9
DEBUG:PIL.PngImagePlugin:STREAM tEXt 62 25
DEBUG:PIL.PngImagePlugin:STREAM IDAT 99 9438
DEBUG:PIL.PngImagePlugin:STREAM IHDR 16 13
DEBUG:PIL.PngImagePlugin:STREAM pHYs 41 9
DEBUG:PIL.PngImagePlugin:STREAM tEXt 62 25
DEBUG:PIL.PngImagePlugin:STREAM IDAT 99 4810
DEBUG:PIL.PngImagePlugin:STREAM IHDR 16 13
DEBUG:PIL.PngImagePlugin:STREAM pHYs 41 9
DEBUG:PIL.PngImagePlugin:STREAM iCCP 62 2639
DEBUG:PIL.PngImagePlugin:iCCP profile name Photoshop ICC profile
DEBUG:PIL.PngImagePlugin:Compression method 0
DEBUG:PIL.PngImagePlugin:STREAM cHRM 2713 32
DEBUG:PIL.PngImagePlugin:cHRM 2713 32 (unknown)
DEBUG:PIL.PngImagePlugin:STREAM IDAT 2757 666
DEBUG:PIL.PngImagePlugin:STREAM IHDR 16 13
DEBUG:PIL.PngImagePlugin:STREAM sRGB 41 1
DEBUG:PIL.PngImagePlugin:sRGB 41 1 (unknown)
DEBUG:PIL.PngImagePlugin:STREAM pHYs 54 9
DEBUG:PIL.PngImagePlugin:STREAM iTXt 75 459
DEBUG:PIL.PngImagePlugin:STREAM IDAT 546 1971
DEBUG:PIL.PngImagePlugin:STREAM IHDR 16 13
DEBUG:PIL.PngImagePlugin:STREAM pHYs 41 9
DEBUG:PIL.PngImagePlugin:STREAM tEXt 62 25
DEBUG:PIL.PngImagePlugin:STREAM IDAT 99 1713
DEBUG:PIL.PngImagePlugin:STREAM IHDR 16 13
DEBUG:PIL.PngImagePlugin:STREAM pHYs 41 9
DEBUG:PIL.PngImagePlugin:STREAM tEXt 62 25
DEBUG:PIL.PngImagePlugin:STREAM IDAT 99 4371
DEBUG:PIL.PngImagePlugin:STREAM IHDR 16 13
DEBUG:PIL.PngImagePlugin:STREAM pHYs 41 9
DEBUG:PIL.PngImagePlugin:STREAM iCCP 62 2639
DEBUG:PIL.PngImagePlugin:iCCP profile name Photoshop ICC profile
DEBUG:PIL.PngImagePlugin:Compression method 0
DEBUG:PIL.PngImagePlugin:STREAM cHRM 2713 32
DEBUG:PIL.PngImagePlugin:cHRM 2713 32 (unknown)
DEBUG:PIL.PngImagePlugin:STREAM IDAT 2757 929
DEBUG:PIL.PngImagePlugin:STREAM IHDR 16 13
DEBUG:PIL.PngImagePlugin:STREAM pHYs 41 9
DEBUG:PIL.PngImagePlugin:STREAM iCCP 62 2639
DEBUG:PIL.PngImagePlugin:iCCP profile name Photoshop ICC profile
DEBUG:PIL.PngImagePlugin:Compression method 0
DEBUG:PIL.PngImagePlugin:STREAM cHRM 2713 32
DEBUG:PIL.PngImagePlugin:cHRM 2713 32 (unknown)
DEBUG:PIL.PngImagePlugin:STREAM IDAT 2757 560
DEBUG:PIL.PngImagePlugin:STREAM IHDR 16 13
DEBUG:PIL.PngImagePlugin:STREAM pHYs 41 9
DEBUG:PIL.PngImagePlugin:STREAM tEXt 62 25
DEBUG:PIL.PngImagePlugin:STREAM IDAT 99 14607
DEBUG:PIL.PngImagePlugin:STREAM IHDR 16 13
DEBUG:PIL.PngImagePlugin:STREAM pHYs 41 9
DEBUG:PIL.PngImagePlugin:STREAM iCCP 62 2639
DEBUG:PIL.PngImagePlugin:iCCP profile name Photoshop ICC profile
DEBUG:PIL.PngImagePlugin:Compression method 0
DEBUG:PIL.PngImagePlugin:STREAM cHRM 2713 32
DEBUG:PIL.PngImagePlugin:cHRM 2713 32 (unknown)
DEBUG:PIL.PngImagePlugin:STREAM IDAT 2757 552
DEBUG:PIL.PngImagePlugin:STREAM IHDR 16 13
DEBUG:PIL.PngImagePlugin:STREAM pHYs 41 9
DEBUG:PIL.PngImagePlugin:STREAM iCCP 62 2639
DEBUG:PIL.PngImagePlugin:iCCP profile name Photoshop ICC profile
DEBUG:PIL.PngImagePlugin:Compression method 0
DEBUG:PIL.PngImagePlugin:STREAM cHRM 2713 32
DEBUG:PIL.PngImagePlugin:cHRM 2713 32 (unknown)
DEBUG:PIL.PngImagePlugin:STREAM IDAT 2757 10146
DEBUG:PIL.PngImagePlugin:STREAM IHDR 16 13
DEBUG:PIL.PngImagePlugin:STREAM pHYs 41 9
DEBUG:PIL.PngImagePlugin:STREAM iCCP 62 2639
DEBUG:PIL.PngImagePlugin:iCCP profile name Photoshop ICC profile
DEBUG:PIL.PngImagePlugin:Compression method 0
DEBUG:PIL.PngImagePlugin:STREAM cHRM 2713 32
DEBUG:PIL.PngImagePlugin:cHRM 2713 32 (unknown)
DEBUG:PIL.PngImagePlugin:STREAM IDAT 2757 10146
DEBUG:PIL.PngImagePlugin:STREAM IHDR 16 13
DEBUG:PIL.PngImagePlugin:STREAM pHYs 41 9
DEBUG:PIL.PngImagePlugin:STREAM iCCP 62 2639
DEBUG:PIL.PngImagePlugin:iCCP profile name Photoshop ICC profile
DEBUG:PIL.PngImagePlugin:Compression method 0
DEBUG:PIL.PngImagePlugin:STREAM cHRM 2713 32
DEBUG:PIL.PngImagePlugin:cHRM 2713 32 (unknown)
DEBUG:PIL.PngImagePlugin:STREAM IDAT 2757 10146
DEBUG:PIL.PngImagePlugin:STREAM IHDR 16 13
DEBUG:PIL.PngImagePlugin:STREAM pHYs 41 9
DEBUG:PIL.PngImagePlugin:STREAM iCCP 62 2639
DEBUG:PIL.PngImagePlugin:iCCP profile name Photoshop ICC profile
DEBUG:PIL.PngImagePlugin:Compression method 0
DEBUG:PIL.PngImagePlugin:STREAM cHRM 2713 32
DEBUG:PIL.PngImagePlugin:cHRM 2713 32 (unknown)
DEBUG:PIL.PngImagePlugin:STREAM IDAT 2757 10146
DEBUG:PIL.PngImagePlugin:STREAM IHDR 16 13
DEBUG:PIL.PngImagePlugin:STREAM pHYs 41 9
DEBUG:PIL.PngImagePlugin:STREAM iCCP 62 2639
DEBUG:PIL.PngImagePlugin:iCCP profile name Photoshop ICC profile
DEBUG:PIL.PngImagePlugin:Compression method 0
DEBUG:PIL.PngImagePlugin:STREAM cHRM 2713 32
DEBUG:PIL.PngImagePlugin:cHRM 2713 32 (unknown)
DEBUG:PIL.PngImagePlugin:STREAM IDAT 2757 10146
DEBUG:PIL.PngImagePlugin:STREAM IHDR 16 13
DEBUG:PIL.PngImagePlugin:STREAM pHYs 41 9
DEBUG:PIL.PngImagePlugin:STREAM iCCP 62 2639
DEBUG:PIL.PngImagePlugin:iCCP profile name Photoshop ICC profile
DEBUG:PIL.PngImagePlugin:Compression method 0
DEBUG:PIL.PngImagePlugin:STREAM cHRM 2713 32
DEBUG:PIL.PngImagePlugin:cHRM 2713 32 (unknown)
DEBUG:PIL.PngImagePlugin:STREAM IDAT 2757 10146
DEBUG:PIL.PngImagePlugin:STREAM IHDR 16 13
DEBUG:PIL.PngImagePlugin:STREAM pHYs 41 9
DEBUG:PIL.PngImagePlugin:STREAM iCCP 62 2639
DEBUG:PIL.PngImagePlugin:iCCP profile name Photoshop ICC profile
DEBUG:PIL.PngImagePlugin:Compression method 0
DEBUG:PIL.PngImagePlugin:STREAM cHRM 2713 32
DEBUG:PIL.PngImagePlugin:cHRM 2713 32 (unknown)
DEBUG:PIL.PngImagePlugin:STREAM IDAT 2757 10146
DEBUG:PIL.PngImagePlugin:STREAM IHDR 16 13
DEBUG:PIL.PngImagePlugin:STREAM pHYs 41 9
DEBUG:PIL.PngImagePlugin:STREAM iCCP 62 2639
DEBUG:PIL.PngImagePlugin:iCCP profile name Photoshop ICC profile
DEBUG:PIL.PngImagePlugin:Compression method 0
DEBUG:PIL.PngImagePlugin:STREAM cHRM 2713 32
DEBUG:PIL.PngImagePlugin:cHRM 2713 32 (unknown)
DEBUG:PIL.PngImagePlugin:STREAM IDAT 2757 10146
DEBUG:PIL.PngImagePlugin:STREAM IHDR 16 13
DEBUG:PIL.PngImagePlugin:STREAM pHYs 41 9
DEBUG:PIL.PngImagePlugin:STREAM iCCP 62 2639
DEBUG:PIL.PngImagePlugin:iCCP profile name Photoshop ICC profile
DEBUG:PIL.PngImagePlugin:Compression method 0
DEBUG:PIL.PngImagePlugin:STREAM cHRM 2713 32
DEBUG:PIL.PngImagePlugin:cHRM 2713 32 (unknown)
DEBUG:PIL.PngImagePlugin:STREAM IDAT 2757 10146
DEBUG:PIL.PngImagePlugin:STREAM IHDR 16 13
DEBUG:PIL.PngImagePlugin:STREAM pHYs 41 9
DEBUG:PIL.PngImagePlugin:STREAM iCCP 62 2639
DEBUG:PIL.PngImagePlugin:iCCP profile name Photoshop ICC profile
DEBUG:PIL.PngImagePlugin:Compression method 0
DEBUG:PIL.PngImagePlugin:STREAM cHRM 2713 32
DEBUG:PIL.PngImagePlugin:cHRM 2713 32 (unknown)
DEBUG:PIL.PngImagePlugin:STREAM IDAT 2757 10146
DEBUG:PIL.PngImagePlugin:STREAM IHDR 16 13
DEBUG:PIL.PngImagePlugin:STREAM pHYs 41 9
DEBUG:PIL.PngImagePlugin:STREAM iCCP 62 2639
DEBUG:PIL.PngImagePlugin:iCCP profile name Photoshop ICC profile
DEBUG:PIL.PngImagePlugin:Compression method 0
DEBUG:PIL.PngImagePlugin:STREAM cHRM 2713 32
DEBUG:PIL.PngImagePlugin:cHRM 2713 32 (unknown)
DEBUG:PIL.PngImagePlugin:STREAM IDAT 2757 10146
DEBUG:PIL.PngImagePlugin:STREAM IHDR 16 13
DEBUG:PIL.PngImagePlugin:STREAM pHYs 41 9
DEBUG:PIL.PngImagePlugin:STREAM iCCP 62 2639
DEBUG:PIL.PngImagePlugin:iCCP profile name Photoshop ICC profile
DEBUG:PIL.PngImagePlugin:Compression method 0
DEBUG:PIL.PngImagePlugin:STREAM cHRM 2713 32
DEBUG:PIL.PngImagePlugin:cHRM 2713 32 (unknown)
DEBUG:PIL.PngImagePlugin:STREAM IDAT 2757 10146
DEBUG:PIL.PngImagePlugin:STREAM IHDR 16 13
DEBUG:PIL.PngImagePlugin:STREAM pHYs 41 9
DEBUG:PIL.PngImagePlugin:STREAM iCCP 62 2639
DEBUG:PIL.PngImagePlugin:iCCP profile name Photoshop ICC profile
DEBUG:PIL.PngImagePlugin:Compression method 0
DEBUG:PIL.PngImagePlugin:STREAM cHRM 2713 32
DEBUG:PIL.PngImagePlugin:cHRM 2713 32 (unknown)
DEBUG:PIL.PngImagePlugin:STREAM IDAT 2757 10146
DEBUG:PIL.PngImagePlugin:STREAM IHDR 16 13
DEBUG:PIL.PngImagePlugin:STREAM pHYs 41 9
DEBUG:PIL.PngImagePlugin:STREAM iCCP 62 2639
DEBUG:PIL.PngImagePlugin:iCCP profile name Photoshop ICC profile
DEBUG:PIL.PngImagePlugin:Compression method 0
DEBUG:PIL.PngImagePlugin:STREAM cHRM 2713 32
DEBUG:PIL.PngImagePlugin:cHRM 2713 32 (unknown)
DEBUG:PIL.PngImagePlugin:STREAM IDAT 2757 10146
DEBUG:PIL.PngImagePlugin:STREAM IHDR 16 13
DEBUG:PIL.PngImagePlugin:STREAM pHYs 41 9
DEBUG:PIL.PngImagePlugin:STREAM iCCP 62 2639
DEBUG:PIL.PngImagePlugin:iCCP profile name Photoshop ICC profile
DEBUG:PIL.PngImagePlugin:Compression method 0
DEBUG:PIL.PngImagePlugin:STREAM cHRM 2713 32
DEBUG:PIL.PngImagePlugin:cHRM 2713 32 (unknown)
DEBUG:PIL.PngImagePlugin:STREAM IDAT 2757 10146
DEBUG:PIL.PngImagePlugin:STREAM IHDR 16 13
DEBUG:PIL.PngImagePlugin:STREAM pHYs 41 9
DEBUG:PIL.PngImagePlugin:STREAM iCCP 62 2639
DEBUG:PIL.PngImagePlugin:iCCP profile name Photoshop ICC profile
DEBUG:PIL.PngImagePlugin:Compression method 0
DEBUG:PIL.PngImagePlugin:STREAM cHRM 2713 32
DEBUG:PIL.PngImagePlugin:cHRM 2713 32 (unknown)
DEBUG:PIL.PngImagePlugin:STREAM IDAT 2757 10146
DEBUG:PIL.PngImagePlugin:STREAM IHDR 16 13
DEBUG:PIL.PngImagePlugin:STREAM pHYs 41 9
DEBUG:PIL.PngImagePlugin:STREAM iCCP 62 2639
DEBUG:PIL.PngImagePlugin:iCCP profile name Photoshop ICC profile
DEBUG:PIL.PngImagePlugin:Compression method 0
DEBUG:PIL.PngImagePlugin:STREAM cHRM 2713 32
DEBUG:PIL.PngImagePlugin:cHRM 2713 32 (unknown)
DEBUG:PIL.PngImagePlugin:STREAM IDAT 2757 10146
DEBUG:PIL.PngImagePlugin:STREAM IHDR 16 13
DEBUG:PIL.PngImagePlugin:STREAM pHYs 41 9
DEBUG:PIL.PngImagePlugin:STREAM iCCP 62 2639
DEBUG:PIL.PngImagePlugin:iCCP profile name Photoshop ICC profile
DEBUG:PIL.PngImagePlugin:Compression method 0
DEBUG:PIL.PngImagePlugin:STREAM cHRM 2713 32
DEBUG:PIL.PngImagePlugin:cHRM 2713 32 (unknown)
DEBUG:PIL.PngImagePlugin:STREAM IDAT 2757 10146
DEBUG:PIL.PngImagePlugin:STREAM IHDR 16 13
DEBUG:PIL.PngImagePlugin:STREAM pHYs 41 9
DEBUG:PIL.PngImagePlugin:STREAM iCCP 62 2639
DEBUG:PIL.PngImagePlugin:iCCP profile name Photoshop ICC profile
DEBUG:PIL.PngImagePlugin:Compression method 0
DEBUG:PIL.PngImagePlugin:STREAM cHRM 2713 32
DEBUG:PIL.PngImagePlugin:cHRM 2713 32 (unknown)
DEBUG:PIL.PngImagePlugin:STREAM IDAT 2757 10146
DEBUG:PIL.PngImagePlugin:STREAM IHDR 16 13
DEBUG:PIL.PngImagePlugin:STREAM pHYs 41 9
DEBUG:PIL.PngImagePlugin:STREAM iCCP 62 2639
DEBUG:PIL.PngImagePlugin:iCCP profile name Photoshop ICC profile
DEBUG:PIL.PngImagePlugin:Compression method 0
DEBUG:PIL.PngImagePlugin:STREAM cHRM 2713 32
DEBUG:PIL.PngImagePlugin:cHRM 2713 32 (unknown)
DEBUG:PIL.PngImagePlugin:STREAM IDAT 2757 10146
DEBUG:PIL.PngImagePlugin:STREAM IHDR 16 13
DEBUG:PIL.PngImagePlugin:STREAM pHYs 41 9
DEBUG:PIL.PngImagePlugin:STREAM iCCP 62 2639
DEBUG:PIL.PngImagePlugin:iCCP profile name Photoshop ICC profile
DEBUG:PIL.PngImagePlugin:Compression method 0
DEBUG:PIL.PngImagePlugin:STREAM cHRM 2713 32
DEBUG:PIL.PngImagePlugin:cHRM 2713 32 (unknown)
DEBUG:PIL.PngImagePlugin:STREAM IDAT 2757 10146
